<?xml version="1.0" encoding="UTF-8"?>
<testsuite xmlns:xsi="http://www.w3.org/2001/XMLSchema-instance" xsi:noNamespaceSchemaLocation="https://maven.apache.org/surefire/maven-surefire-plugin/xsd/surefire-test-report-3.0.xsd" version="3.0" name="com.tcs.eurekaServer.EurekaServerApplicationTests" time="9.602" tests="1" errors="0" skipped="0" failures="0">
  <properties>
[...]
</properties>
  <testcase name="contextLoads" classname="com.tcs.eurekaServer.EurekaServerApplicationTests" time="1.89">
    <system-out><![CDATA[02:05:00.629 [main] INFO org.springframework.test.context.support.AnnotationConfigContextLoaderUtils -- Could not detect default configuration classes for test class [com.tcs.eurekaServer.EurekaServerApplicationTests]: EurekaServerApplicationTests does not declare any static, non-private, non-final, nested classes annotated with @Configuration.
02:05:00.819 [main] INFO org.springframework.boot.test.context.SpringBootTestContextBootstrapper -- Found @SpringBootConfiguration com.tcs.eurekaServer.EurekaServerApplication for test class com.tcs.eurekaServer.EurekaServerApplicationTests

  .   ____          _            __ _ _
 /\\ / ___'_ __ _ _(_)_ __  __ _ \ \ \ \
( ( )\___ | '_ | '_| | '_ \/ _` | \ \ \ \
 \\/  ___)| |_)| | | | | || (_| |  ) ) ) )
  '  |____| .__|_| |_|_| |_\__, | / / / /
 =========|_|==============|___/=/_/_/_/
 :: Spring Boot ::                (v3.2.0)

2025-04-19T02:05:01.803-04:00  INFO 32796 --- [eureka-server] [           main] c.t.e.EurekaServerApplicationTests       : Starting EurekaServerApplicationTests using Java 17 with PID 32796 (started by jc561 in C:\Users\jc561\eclipse-workspace\Capstone\eurekaServer)
2025-04-19T02:05:01.806-04:00  INFO 32796 --- [eureka-server] [           main] c.t.e.EurekaServerApplicationTests       : No active profile set, falling back to 1 default profile: "default"
2025-04-19T02:05:03.865-04:00  INFO 32796 --- [eureka-server] [           main] o.s.cloud.context.scope.GenericScope     : BeanFactory id=9bb4bdbb-410f-37e5-beb4-ebe90f8a3706
2025-04-19T02:05:06.507-04:00  WARN 32796 --- [eureka-server] [           main] iguration$LoadBalancerCaffeineWarnLogger : Spring Cloud LoadBalancer is currently working with the default cache. While this cache implementation is useful for development and tests, it's recommended to use Caffeine cache in production.You can switch to using Caffeine cache, by adding it and org.springframework.cache.caffeine.CaffeineCacheManager to the classpath.
2025-04-19T02:05:06.868-04:00  INFO 32796 --- [eureka-server] [           main] o.s.c.n.eureka.InstanceInfoFactory       : Setting initial instance status as: STARTING
2025-04-19T02:05:06.928-04:00  INFO 32796 --- [eureka-server] [           main] com.netflix.discovery.DiscoveryClient    : Initializing Eureka in region us-east-1
2025-04-19T02:05:06.930-04:00  INFO 32796 --- [eureka-server] [           main] com.netflix.discovery.DiscoveryClient    : Client configured to neither register nor query for data.
2025-04-19T02:05:06.950-04:00  INFO 32796 --- [eureka-server] [           main] com.netflix.discovery.DiscoveryClient    : Discovery Client initialized at timestamp 1745042706948 with initial instances count: 0
2025-04-19T02:05:07.036-04:00  INFO 32796 --- [eureka-server] [           main] c.n.eureka.DefaultEurekaServerContext    : Initializing ...
2025-04-19T02:05:07.041-04:00  INFO 32796 --- [eureka-server] [           main] c.n.eureka.cluster.PeerEurekaNodes       : Adding new peer nodes [http://localhost:8761/eureka/]
2025-04-19T02:05:07.420-04:00  INFO 32796 --- [eureka-server] [           main] c.n.d.provider.DiscoveryJerseyProvider   : Using JSON encoding codec LegacyJacksonJson
2025-04-19T02:05:07.420-04:00  INFO 32796 --- [eureka-server] [           main] c.n.d.provider.DiscoveryJerseyProvider   : Using JSON decoding codec LegacyJacksonJson
2025-04-19T02:05:07.420-04:00  INFO 32796 --- [eureka-server] [           main] c.n.d.provider.DiscoveryJerseyProvider   : Using XML encoding codec XStreamXml
2025-04-19T02:05:07.421-04:00  INFO 32796 --- [eureka-server] [           main] c.n.d.provider.DiscoveryJerseyProvider   : Using XML decoding codec XStreamXml
2025-04-19T02:05:07.649-04:00  INFO 32796 --- [eureka-server] [           main] c.n.eureka.cluster.PeerEurekaNodes       : Replica node URL:  http://localhost:8761/eureka/
2025-04-19T02:05:07.661-04:00  INFO 32796 --- [eureka-server] [           main] c.n.e.registry.AbstractInstanceRegistry  : Finished initializing remote region registries. All known remote regions: []
2025-04-19T02:05:07.662-04:00  INFO 32796 --- [eureka-server] [           main] c.n.eureka.DefaultEurekaServerContext    : Initialized
2025-04-19T02:05:07.803-04:00  INFO 32796 --- [eureka-server] [           main] o.s.b.a.e.web.EndpointLinksResolver      : Exposing 1 endpoint(s) beneath base path '/actuator'
2025-04-19T02:05:07.911-04:00  INFO 32796 --- [eureka-server] [           main] o.s.c.n.e.s.EurekaServiceRegistry        : Registering application EUREKA-SERVER with eureka with status UP
2025-04-19T02:05:07.936-04:00  INFO 32796 --- [eureka-server] [      Thread-10] o.s.c.n.e.server.EurekaServerBootstrap   : isAws returned false
2025-04-19T02:05:07.937-04:00  INFO 32796 --- [eureka-server] [      Thread-10] o.s.c.n.e.server.EurekaServerBootstrap   : Initialized server context
2025-04-19T02:05:07.938-04:00  INFO 32796 --- [eureka-server] [      Thread-10] c.n.e.r.PeerAwareInstanceRegistryImpl    : Got 1 instances from neighboring DS node
2025-04-19T02:05:07.938-04:00  INFO 32796 --- [eureka-server] [      Thread-10] c.n.e.r.PeerAwareInstanceRegistryImpl    : Renew threshold is: 1
2025-04-19T02:05:07.938-04:00  INFO 32796 --- [eureka-server] [      Thread-10] c.n.e.r.PeerAwareInstanceRegistryImpl    : Changing status to UP
2025-04-19T02:05:07.939-04:00  INFO 32796 --- [eureka-server] [           main] c.t.e.EurekaServerApplicationTests       : Started EurekaServerApplicationTests in 6.89 seconds (process running for 8.614)
2025-04-19T02:05:07.959-04:00  INFO 32796 --- [eureka-server] [      Thread-10] e.s.EurekaServerInitializerConfiguration : Started Eureka Server
]]></system-out>
  </testcase>
</testsuite>